<?xml version="1.0" encoding="UTF-8"?>
<testng-results ignored="0" total="1" passed="1" failed="0" skipped="0">
  <reporter-output>
  </reporter-output>
  <suite started-at="2025-08-12T13:05:11 IST" name="Default suite" finished-at="2025-08-12T13:05:57 IST" duration-ms="46865">
    <groups>
    </groups>
    <test started-at="2025-08-12T13:05:11 IST" name="Default test" finished-at="2025-08-12T13:05:57 IST" duration-ms="46865">
      <class name="testCasePages.CreateNewUser">
        <test-method is-config="true" signature="LanuvhBroser()[pri:0, instance:testCasePages.CreateNewUser@909217e]" started-at="2025-08-12T13:05:11 IST" name="LanuvhBroser" finished-at="2025-08-12T13:05:12 IST" duration-ms="1776" status="PASS">
          <reporter-output>
          </reporter-output>
        </test-method> <!-- LanuvhBroser -->
        <test-method signature="validationCheck()[pri:0, instance:testCasePages.CreateNewUser@909217e]" started-at="2025-08-12T13:05:12 IST" name="validationCheck" finished-at="2025-08-12T13:05:57 IST" duration-ms="44913" status="PASS">
          <reporter-output>
          </reporter-output>
        </test-method> <!-- validationCheck -->
        <test-method is-config="true" signature="CloseBrow()[pri:0, instance:testCasePages.CreateNewUser@909217e]" started-at="2025-08-12T13:05:57 IST" name="CloseBrow" finished-at="2025-08-12T13:05:57 IST" duration-ms="143" status="PASS">
          <reporter-output>
          </reporter-output>
        </test-method> <!-- CloseBrow -->
      </class> <!-- testCasePages.CreateNewUser -->
    </test> <!-- Default test -->
  </suite> <!-- Default suite -->
</testng-results>
